TN:
SF:/Users/glitterglam/FAC/prereq-check/app.js
FN:34,(anonymous_0)
FN:41,(anonymous_1)
FNF:2
FNH:0
FNDA:0,(anonymous_0)
FNDA:0,(anonymous_1)
DA:1,1
DA:2,1
DA:3,1
DA:4,1
DA:5,1
DA:6,1
DA:7,1
DA:8,1
DA:10,1
DA:13,1
DA:14,1
DA:15,1
DA:16,1
DA:24,1
DA:25,1
DA:26,1
DA:27,1
DA:28,1
DA:29,1
DA:31,1
DA:34,1
DA:35,0
DA:36,0
DA:37,0
DA:41,1
DA:43,0
DA:44,0
DA:47,0
DA:48,0
DA:51,1
LF:30
LH:23
BRDA:44,0,0,0
BRDA:44,0,1,0
BRDA:47,1,0,0
BRDA:47,1,1,0
BRF:4
BRH:0
end_of_record
TN:
SF:/Users/glitterglam/FAC/prereq-check/model/codewars-api.js
FN:3,(anonymous_0)
FN:8,(anonymous_1)
FN:12,(anonymous_2)
FN:18,(anonymous_3)
FN:19,(anonymous_4)
FN:31,(anonymous_5)
FN:45,(anonymous_6)
FN:46,(anonymous_7)
FN:52,(anonymous_8)
FN:55,(anonymous_9)
FN:62,(anonymous_10)
FN:63,(anonymous_11)
FN:69,(anonymous_12)
FN:76,(anonymous_13)
FN:85,(anonymous_14)
FNF:15
FNH:14
FNDA:3,(anonymous_0)
FNDA:3,(anonymous_1)
FNDA:2,(anonymous_2)
FNDA:2,(anonymous_3)
FNDA:4,(anonymous_4)
FNDA:0,(anonymous_5)
FNDA:2,(anonymous_6)
FNDA:3,(anonymous_7)
FNDA:1,(anonymous_8)
FNDA:2,(anonymous_9)
FNDA:2,(anonymous_10)
FNDA:3,(anonymous_11)
FNDA:3,(anonymous_12)
FNDA:1,(anonymous_13)
FNDA:2,(anonymous_14)
DA:1,1
DA:3,1
DA:4,3
DA:5,3
DA:8,1
DA:9,3
DA:12,1
DA:13,2
DA:17,2
DA:19,2
DA:20,4
DA:28,4
DA:32,0
DA:33,0
DA:34,0
DA:35,0
DA:36,0
DA:37,0
DA:39,0
DA:41,0
DA:45,1
DA:46,2
DA:47,3
DA:51,3
DA:53,1
DA:56,2
DA:58,2
DA:61,2
DA:63,2
DA:64,3
DA:69,1
DA:70,3
DA:74,3
DA:75,3
DA:77,1
DA:78,1
DA:79,1
DA:80,1
DA:81,1
DA:82,1
DA:83,1
DA:86,2
DA:88,2
DA:89,2
DA:90,2
DA:91,2
DA:92,1
DA:94,1
DA:96,2
DA:100,1
LF:50
LH:42
BRDA:36,0,0,0
BRDA:36,0,1,0
BRDA:91,1,0,1
BRDA:91,1,1,1
BRF:4
BRH:2
end_of_record
TN:
SF:/Users/glitterglam/FAC/prereq-check/model/freecodecamp-arrays.js
FNF:0
FNH:0
DA:1,1
DA:3,1
DA:5,1
DA:7,1
DA:9,1
LF:5
LH:5
BRF:0
BRH:0
end_of_record
TN:
SF:/Users/glitterglam/FAC/prereq-check/model/freecodecamp-crawl.js
FN:5,(anonymous_0)
FN:14,(anonymous_1)
FN:23,(anonymous_2)
FN:32,(anonymous_3)
FN:41,(anonymous_4)
FN:46,(anonymous_5)
FN:51,(anonymous_6)
FN:67,(anonymous_7)
FNF:8
FNH:8
FNDA:4,(anonymous_0)
FNDA:4,(anonymous_1)
FNDA:4,(anonymous_2)
FNDA:4,(anonymous_3)
FNDA:2,(anonymous_4)
FNDA:4,(anonymous_5)
FNDA:3,(anonymous_6)
FNDA:2,(anonymous_7)
DA:1,1
DA:3,1
DA:5,1
DA:6,4
DA:7,175
DA:8,1
DA:11,3
DA:14,1
DA:15,4
DA:16,313
DA:17,1
DA:20,3
DA:23,1
DA:24,4
DA:25,40
DA:26,1
DA:29,3
DA:32,1
DA:33,4
DA:34,52
DA:35,1
DA:38,3
DA:41,1
DA:42,2
DA:43,2
DA:46,1
DA:47,4
DA:50,4
DA:52,3
DA:53,3
DA:54,1
DA:56,2
DA:57,2
DA:58,2
DA:59,2
DA:60,2
DA:61,2
DA:62,2
DA:63,2
DA:64,2
DA:68,2
DA:70,2
DA:71,2
DA:72,2
DA:73,2
DA:76,1
DA:77,1
LF:47
LH:47
BRDA:7,0,0,1
BRDA:7,0,1,174
BRDA:16,1,0,1
BRDA:16,1,1,312
BRDA:25,2,0,1
BRDA:25,2,1,39
BRDA:34,3,0,1
BRDA:34,3,1,51
BRDA:53,4,0,1
BRDA:53,4,1,2
BRDA:63,5,0,2
BRDA:63,5,1,2
BRDA:63,5,2,2
BRDA:63,5,3,2
BRF:14
BRH:14
end_of_record
TN:
SF:/Users/glitterglam/FAC/prereq-check/model/github-commits-api.js
FN:3,(anonymous_0)
FN:10,(anonymous_1)
FN:20,(anonymous_2)
FN:26,(anonymous_3)
FNF:4
FNH:4
FNDA:5,(anonymous_0)
FNDA:3,(anonymous_1)
FNDA:1,(anonymous_2)
FNDA:2,(anonymous_3)
DA:1,1
DA:3,1
DA:4,5
DA:5,5
DA:6,5
DA:7,5
DA:10,1
DA:11,3
DA:12,3
DA:19,3
DA:21,1
DA:27,2
DA:29,2
DA:36,1
LF:14
LH:14
BRDA:7,0,0,3
BRDA:7,0,1,2
BRDA:11,1,0,3
BRDA:11,1,1,0
BRF:4
BRH:3
end_of_record
TN:
SF:/Users/glitterglam/FAC/prereq-check/model/github-page.js
FN:4,(anonymous_0)
FN:11,(anonymous_1)
FN:16,(anonymous_2)
FNF:3
FNH:3
FNDA:4,(anonymous_0)
FNDA:2,(anonymous_1)
FNDA:2,(anonymous_2)
DA:1,1
DA:2,1
DA:4,1
DA:5,4
DA:10,4
DA:12,2
DA:13,2
DA:14,2
DA:17,2
DA:19,2
DA:20,2
DA:21,2
DA:22,2
DA:23,1
DA:24,1
DA:25,1
DA:27,0
DA:29,2
DA:33,1
LF:19
LH:18
BRDA:6,0,0,3
BRDA:6,0,1,1
BRDA:22,1,0,1
BRDA:22,1,1,1
BRDA:24,2,0,1
BRDA:24,2,1,0
BRF:6
BRH:5
end_of_record
TN:
SF:/Users/glitterglam/FAC/prereq-check/model/github-repo-api.js
FN:3,(anonymous_0)
FN:12,(anonymous_1)
FN:18,(anonymous_2)
FNF:3
FNH:3
FNDA:3,(anonymous_0)
FNDA:2,(anonymous_1)
FNDA:2,(anonymous_2)
DA:1,1
DA:3,1
DA:4,3
DA:11,3
DA:13,2
DA:19,2
DA:21,2
DA:28,1
LF:8
LH:8
BRF:0
BRH:0
end_of_record
TN:
SF:/Users/glitterglam/FAC/prereq-check/model/w3-validator.js
FN:3,(anonymous_0)
FN:3,(anonymous_1)
FN:11,(anonymous_2)
FN:21,(anonymous_3)
FN:30,(anonymous_4)
FNF:5
FNH:5
FNDA:3,(anonymous_0)
FNDA:20,(anonymous_1)
FNDA:3,(anonymous_2)
FNDA:2,(anonymous_3)
FNDA:1,(anonymous_4)
DA:1,1
DA:3,3
DA:4,20
DA:5,18
DA:6,18
DA:8,2
DA:11,1
DA:12,3
DA:13,3
DA:20,3
DA:22,2
DA:23,2
DA:31,1
DA:33,1
DA:40,1
LF:15
LH:15
BRDA:4,0,0,18
BRDA:4,0,1,2
BRF:2
BRH:2
end_of_record
TN:
SF:/Users/glitterglam/FAC/prereq-check/routes/index.js
FN:7,(anonymous_0)
FN:11,(anonymous_1)
FN:15,(anonymous_2)
FNF:3
FNH:3
FNDA:1,(anonymous_0)
FNDA:1,(anonymous_1)
FNDA:1,(anonymous_2)
DA:1,1
DA:2,1
DA:4,1
DA:5,1
DA:7,1
DA:8,1
DA:11,1
DA:12,1
DA:15,1
DA:16,1
DA:19,1
DA:20,1
DA:21,1
DA:22,1
DA:23,1
DA:25,1
LF:16
LH:16
BRF:0
BRH:0
end_of_record
TN:
SF:/Users/glitterglam/FAC/prereq-check/routes/report.js
FN:8,(anonymous_0)
FN:9,(anonymous_1)
FN:22,(anonymous_2)
FN:25,(anonymous_3)
FN:37,(anonymous_4)
FNF:5
FNH:3
FNDA:2,(anonymous_0)
FNDA:2,(anonymous_1)
FNDA:0,(anonymous_2)
FNDA:1,(anonymous_3)
FNDA:0,(anonymous_4)
DA:1,1
DA:2,1
DA:3,1
DA:4,1
DA:5,1
DA:6,1
DA:8,2
DA:9,1
DA:10,2
DA:11,1
DA:13,1
DA:14,1
DA:23,0
DA:26,1
DA:27,1
DA:34,1
DA:35,1
DA:38,0
DA:42,1
LF:19
LH:17
BRDA:10,0,0,1
BRDA:10,0,1,1
BRF:2
BRH:2
end_of_record
TN:
SF:/Users/glitterglam/FAC/prereq-check/routes/scrape-links.js
FN:4,(anonymous_0)
FN:10,(anonymous_1)
FN:16,(anonymous_2)
FN:22,(anonymous_3)
FN:25,(anonymous_4)
FN:37,(anonymous_5)
FNF:6
FNH:6
FNDA:2,(anonymous_0)
FNDA:2,(anonymous_1)
FNDA:2,(anonymous_2)
FNDA:3,(anonymous_3)
FNDA:2,(anonymous_4)
FNDA:1,(anonymous_5)
DA:1,1
DA:2,1
DA:4,1
DA:5,2
DA:6,2
DA:7,2
DA:10,1
DA:11,2
DA:12,2
DA:13,2
DA:16,1
DA:17,2
DA:18,2
DA:19,2
DA:22,1
DA:23,3
DA:24,3
DA:26,2
DA:33,2
DA:35,2
DA:38,1
DA:40,1
DA:44,1
DA:47,1
LF:24
LH:24
BRDA:7,0,0,1
BRDA:7,0,1,1
BRDA:13,1,0,1
BRDA:13,1,1,1
BRDA:19,2,0,1
BRDA:19,2,1,1
BRDA:23,3,0,3
BRDA:23,3,1,0
BRDA:33,4,0,2
BRDA:33,4,1,1
BRDA:33,4,2,1
BRF:11
BRH:10
end_of_record
TN:
SF:/Users/glitterglam/FAC/prereq-check/tests/dummy-data/freecodecamp-html-fail.js
FNF:0
FNH:0
DA:1,1
LF:1
LH:1
BRF:0
BRH:0
end_of_record
TN:
SF:/Users/glitterglam/FAC/prereq-check/tests/dummy-data/freecodecamp-html-success.js
FNF:0
FNH:0
DA:1,1
LF:1
LH:1
BRF:0
BRH:0
end_of_record
